<?xml version="1.0" encoding="UTF-8"?>
<!-- Generated by org.testng.reporters.JUnitReportReporter -->
<testsuite hostname="DESKTOP-5HFCJ72" failures="0" tests="3" name="testingWebElements.JavaScriptAlertsDRY" time="9.277" errors="0" timestamp="2026-03-30T22:36:22 EDT" skipped="0">
  <testcase classname="testingWebElements.JavaScriptAlertsDRY" name="clickForJSConfirm" time="3.750"/>
  <testcase classname="testingWebElements.JavaScriptAlertsDRY" name="clickForJSPrompt" time="2.576"/>
  <testcase classname="testingWebElements.JavaScriptAlertsDRY" name="jsAlerts" time="2.951"/>
</testsuite> <!-- testingWebElements.JavaScriptAlertsDRY -->
