<?xml version="1.0" encoding="UTF-8"?>
<testng-results ignored="0" total="1" passed="1" failed="0" skipped="0">
  <reporter-output>
  </reporter-output>
  <suite started-at="2026-03-21T00:27:07 EDT" name="Default suite" finished-at="2026-03-21T00:27:17 EDT" duration-ms="10749">
    <groups>
    </groups>
    <test started-at="2026-03-21T00:27:07 EDT" name="Default test" finished-at="2026-03-21T00:27:17 EDT" duration-ms="10749">
      <class name="testNg.DropDownSelection">
        <test-method signature="DropDownSelectionTest()[pri:0, instance:testNg.DropDownSelection@bef2d72]" started-at="2026-03-21T00:27:07 EDT" name="DropDownSelectionTest" finished-at="2026-03-21T00:27:17 EDT" duration-ms="10714" status="PASS">
          <reporter-output>
          </reporter-output>
        </test-method> <!-- DropDownSelectionTest -->
      </class> <!-- testNg.DropDownSelection -->
    </test> <!-- Default test -->
  </suite> <!-- Default suite -->
</testng-results>
