<?xml version="1.0" encoding="UTF-8"?>
<testng-results ignored="0" total="1" passed="1" failed="0" skipped="0">
  <reporter-output>
  </reporter-output>
  <suite started-at="2026-03-22T22:30:37 EDT" name="Default suite" finished-at="2026-03-22T22:30:42 EDT" duration-ms="5662">
    <groups>
    </groups>
    <test started-at="2026-03-22T22:30:37 EDT" name="Default test" finished-at="2026-03-22T22:30:42 EDT" duration-ms="5662">
      <class name="testingWebElements.DynamicControl">
        <test-method signature="testDynamicControl()[pri:0, instance:testingWebElements.DynamicControl@6fe7aac8]" started-at="2026-03-22T22:30:37 EDT" name="testDynamicControl" finished-at="2026-03-22T22:30:42 EDT" duration-ms="5632" status="PASS">
          <reporter-output>
          </reporter-output>
        </test-method> <!-- testDynamicControl -->
      </class> <!-- testingWebElements.DynamicControl -->
    </test> <!-- Default test -->
  </suite> <!-- Default suite -->
</testng-results>
